<?xml version="1.0" encoding="UTF-8"?>
<!-- Generated by org.testng.reporters.JUnitReportReporter -->
<testsuite hostname="sanket" failures="0" tests="6" name="testNgPack.TestClassABC" time="8.066" errors="0" timestamp="2023-06-09T17:12:59 IST" skipped="3">
  <testcase classname="testNgPack.TestClassABC" name="verifyTermLink123" time="0.000">
    <skipped/>
  </testcase> <!-- verifyTermLink123 -->
  <system-out/>
  <testcase classname="testNgPack.TestClassABC" name="verifyTermLink123" time="1.650"/>
  <system-out/>
  <testcase classname="testNgPack.TestClassABC" name="verifyCookiesLink123" time="2.854"/>
  <system-out/>
  <testcase classname="testNgPack.TestClassABC" name="verifyCookiesLink123" time="0.000">
    <skipped/>
  </testcase> <!-- verifyCookiesLink123 -->
  <system-out/>
  <testcase classname="testNgPack.TestClassABC" name="verifyPrivacyLink123" time="0.000">
    <skipped/>
  </testcase> <!-- verifyPrivacyLink123 -->
  <system-out/>
  <testcase classname="testNgPack.TestClassABC" name="verifyPrivacyLink123" time="3.562"/>
  <system-out/>
</testsuite> <!-- testNgPack.TestClassABC -->
